[95mMODE: TRAIN[0m
[95mSave model path: ./models/vb-mnist-fcn-B4_1[0m
i   Layer name          Output shapes                           Num param 
--------------------------------------------------------------------------
    Input               [None,784]                                        
--------------------------------------------------------------------------
    Input               [None,784]                                        
--------------------------------------------------------------------------
    Input               [None,784]                                        
--------------------------------------------------------------------------
    Input               [None,784]                                        
--------------------------------------------------------------------------
0   fc1                 [None,128]                              401920    
                        [None,128]                                        
                        [None,128]                                        
                        [None,128]                                        
--------------------------------------------------------------------------
1   bn1                 [None,128]                              1024      
                        [None,128]                                        
                        [None,128]                                        
                        [None,128]                                        
--------------------------------------------------------------------------
2   relu1               [None,128]                              0         
                        [None,128]                                        
                        [None,128]                                        
                        [None,128]                                        
--------------------------------------------------------------------------
3   fc2                 [None,10]                               5160      
                        [None,10]                                         
                        [None,10]                                         
                        [None,10]                                         
--------------------------------------------------------------------------
4   bn2                 [None,10]                               80        
                        [None,10]                                         
                        [None,10]                                         
                        [None,10]                                         
--------------------------------------------------------------------------
5   output              [None,10]                               0         
                        [None,10]                                         
                        [None,10]                                         
                        [None,10]                                         
--------------------------------------------------------------------------
Total parameters: 408184
Epoch 1/10
Time=31, Loss 1=0.8327, Acc 1=0.8188, Val Loss 1=0.6894, Val Acc 1=0.8982, Loss 2=0.7409, Acc 2=0.8687, Val Loss 2=0.6812, Val Acc 2=0.8986, Loss 3=0.7453, Acc 3=0.8875, Val Loss 3=0.7032, Val Acc 3=0.8935, Loss 4=0.8358, Acc 4=0.8313, Val Loss 4=0.6855, Val Acc 4=0.9000, Val Loss=0.6898, Val Acc=0.9121
Epoch 2/10
Time=1, Loss 1=0.6177, Acc 1=0.8875, Val Loss 1=0.5389, Val Acc 1=0.9189, Loss 2=0.5618, Acc 2=0.9250, Val Loss 2=0.5318, Val Acc 2=0.9195, Loss 3=0.5245, Acc 3=0.9563, Val Loss 3=0.5444, Val Acc 3=0.9158, Loss 4=0.6415, Acc 4=0.8750, Val Loss 4=0.5353, Val Acc 4=0.9181, Val Loss=0.5376, Val Acc=0.9292
Epoch 3/10
Time=1, Loss 1=0.5246, Acc 1=0.9062, Val Loss 1=0.4556, Val Acc 1=0.9250, Loss 2=0.6436, Acc 2=0.8562, Val Loss 2=0.4492, Val Acc 2=0.9285, Loss 3=0.4742, Acc 3=0.9500, Val Loss 3=0.4556, Val Acc 3=0.9252, Loss 4=0.5012, Acc 4=0.9187, Val Loss 4=0.4552, Val Acc 4=0.9283, Val Loss=0.4539, Val Acc=0.9373
Epoch 4/10
Time=1, Loss 1=0.3537, Acc 1=0.9625, Val Loss 1=0.3984, Val Acc 1=0.9357, Loss 2=0.4408, Acc 2=0.9375, Val Loss 2=0.4017, Val Acc 2=0.9303, Loss 3=0.4135, Acc 3=0.9438, Val Loss 3=0.3946, Val Acc 3=0.9317, Loss 4=0.3998, Acc 4=0.9375, Val Loss 4=0.4075, Val Acc 4=0.9282, Val Loss=0.4005, Val Acc=0.9408
Epoch 5/10
Time=1, Loss 1=0.3411, Acc 1=0.9750, Val Loss 1=0.3642, Val Acc 1=0.9339, Loss 2=0.3361, Acc 2=0.9688, Val Loss 2=0.3550, Val Acc 2=0.9363, Loss 3=0.3312, Acc 3=0.9625, Val Loss 3=0.3653, Val Acc 3=0.9352, Loss 4=0.4444, Acc 4=0.9312, Val Loss 4=0.3593, Val Acc 4=0.9348, Val Loss=0.3609, Val Acc=0.9452
Epoch 6/10
Time=1, Loss 1=0.2908, Acc 1=0.9563, Val Loss 1=0.3421, Val Acc 1=0.9347, Loss 2=0.3847, Acc 2=0.9250, Val Loss 2=0.3269, Val Acc 2=0.9389, Loss 3=0.3736, Acc 3=0.9375, Val Loss 3=0.3287, Val Acc 3=0.9382, Loss 4=0.3074, Acc 4=0.9563, Val Loss 4=0.3323, Val Acc 4=0.9377, Val Loss=0.3325, Val Acc=0.9451
Epoch 7/10
Time=1, Loss 1=0.2886, Acc 1=0.9563, Val Loss 1=0.3012, Val Acc 1=0.9440, Loss 2=0.3105, Acc 2=0.9563, Val Loss 2=0.3038, Val Acc 2=0.9411, Loss 3=0.2885, Acc 3=0.9563, Val Loss 3=0.3048, Val Acc 3=0.9390, Loss 4=0.3452, Acc 4=0.9250, Val Loss 4=0.3089, Val Acc 4=0.9403, Val Loss=0.3047, Val Acc=0.9489
Epoch 8/10
Time=1, Loss 1=0.2801, Acc 1=0.9625, Val Loss 1=0.2875, Val Acc 1=0.9438, Loss 2=0.2923, Acc 2=0.9688, Val Loss 2=0.2840, Val Acc 2=0.9436, Loss 3=0.2550, Acc 3=0.9688, Val Loss 3=0.2878, Val Acc 3=0.9400, Loss 4=0.2368, Acc 4=0.9750, Val Loss 4=0.2903, Val Acc 4=0.9407, Val Loss=0.2874, Val Acc=0.9506
Epoch 9/10
Time=1, Loss 1=0.2812, Acc 1=0.9500, Val Loss 1=0.2698, Val Acc 1=0.9466, Loss 2=0.2594, Acc 2=0.9750, Val Loss 2=0.2690, Val Acc 2=0.9460, Loss 3=0.3043, Acc 3=0.9500, Val Loss 3=0.2686, Val Acc 3=0.9437, Loss 4=0.2523, Acc 4=0.9625, Val Loss 4=0.2788, Val Acc 4=0.9426, Val Loss=0.2715, Val Acc=0.9511
Epoch 10/10
Time=1, Loss 1=0.1766, Acc 1=0.9812, Val Loss 1=0.2606, Val Acc 1=0.9446, Loss 2=0.2642, Acc 2=0.9625, Val Loss 2=0.2551, Val Acc 2=0.9443, Loss 3=0.1735, Acc 3=0.9937, Val Loss 3=0.2610, Val Acc 3=0.9425, Loss 4=0.2591, Acc 4=0.9563, Val Loss 4=0.2668, Val Acc 4=0.9442, Val Loss=0.2609, Val Acc=0.9513
Finished!
